[2018-01-22 10:38:41] [INFO] 初始化题目列表。。。
[2018-01-22 10:38:41] [INFO] 初始化用户Map。。。
[2018-01-22 10:38:41] [INFO] 初始化题目DTO列表。。。
[2018-01-22 10:43:16] [INFO] 初始化题目列表。。。
[2018-01-22 10:43:16] [INFO] 初始化用户Map。。。
[2018-01-22 10:43:16] [INFO] 初始化题目DTO列表。。。
[2018-01-22 11:03:07] [INFO] 初始化题目列表。。。
[2018-01-22 11:03:07] [INFO] 初始化用户Map。。。
[2018-01-22 11:03:07] [INFO] 初始化题目DTO列表。。。
[2018-01-22 11:03:24] [INFO] 初始化题目列表。。。
[2018-01-22 11:03:24] [INFO] 初始化用户Map。。。
[2018-01-22 11:03:24] [INFO] 初始化题目DTO列表。。。
[2018-01-22 11:05:09] [INFO] 初始化题目列表。。。
[2018-01-22 11:05:09] [INFO] 初始化用户Map。。。
[2018-01-22 11:05:09] [INFO] 初始化题目DTO列表。。。
[2018-01-22 11:05:50] [INFO] 初始化题目列表。。。
[2018-01-22 11:05:50] [INFO] 初始化用户Map。。。
[2018-01-22 11:05:50] [INFO] 初始化题目DTO列表。。。
[2018-01-22 11:30:10] [INFO] 初始化题目列表。。。
[2018-01-22 11:30:10] [INFO] 初始化用户Map。。。
[2018-01-22 11:30:10] [INFO] 初始化题目DTO列表。。。
[2018-01-22 11:30:49] [INFO] 初始化题目列表。。。
[2018-01-22 11:30:49] [INFO] 初始化用户Map。。。
[2018-01-22 11:30:49] [INFO] 初始化题目DTO列表。。。
[2018-01-22 11:31:10] [INFO] 初始化题目列表。。。
[2018-01-22 11:31:10] [INFO] 初始化用户Map。。。
[2018-01-22 11:31:10] [INFO] 初始化题目DTO列表。。。
[2018-01-22 11:31:56] [INFO] 初始化题目列表。。。
[2018-01-22 11:31:56] [INFO] 初始化用户Map。。。
[2018-01-22 11:31:56] [INFO] 初始化题目DTO列表。。。
[2018-01-22 11:32:13] [INFO] 初始化题目列表。。。
[2018-01-22 11:32:13] [INFO] 初始化用户Map。。。
[2018-01-22 11:32:13] [INFO] 初始化题目DTO列表。。。
[2018-01-22 11:32:22] [INFO] 初始化题目列表。。。
[2018-01-22 11:32:22] [INFO] 初始化用户Map。。。
[2018-01-22 11:32:22] [INFO] 初始化题目DTO列表。。。
[2018-01-22 11:39:17] [INFO] 初始化题目列表。。。
[2018-01-22 11:39:17] [INFO] 初始化用户Map。。。
[2018-01-22 11:39:17] [INFO] 初始化题目DTO列表。。。
[2018-01-22 11:40:03] [INFO] 初始化题目列表。。。
[2018-01-22 11:40:03] [INFO] 初始化用户Map。。。
[2018-01-22 11:40:03] [INFO] 初始化题目DTO列表。。。
[2018-01-22 11:40:27] [INFO] 初始化题目列表。。。
[2018-01-22 11:40:27] [INFO] 初始化用户Map。。。
[2018-01-22 11:40:27] [INFO] 初始化题目DTO列表。。。
[2018-01-22 11:40:41] [INFO] 初始化题目列表。。。
[2018-01-22 11:40:41] [INFO] 初始化用户Map。。。
[2018-01-22 11:40:41] [INFO] 初始化题目DTO列表。。。
[2018-01-22 11:41:08] [INFO] 初始化题目列表。。。
[2018-01-22 11:41:08] [INFO] 初始化用户Map。。。
[2018-01-22 11:41:08] [INFO] 初始化题目DTO列表。。。
[2018-01-22 11:43:39] [INFO] 初始化题目列表。。。
[2018-01-22 11:43:39] [INFO] 初始化用户Map。。。
[2018-01-22 11:43:39] [INFO] 初始化题目DTO列表。。。
[2018-01-22 11:44:37] [INFO] 初始化题目列表。。。
[2018-01-22 11:44:37] [INFO] 初始化用户Map。。。
[2018-01-22 11:44:37] [INFO] 初始化题目DTO列表。。。
[2018-01-22 11:45:41] [INFO] 初始化题目列表。。。
[2018-01-22 11:45:41] [INFO] 初始化用户Map。。。
[2018-01-22 11:45:41] [INFO] 初始化题目DTO列表。。。
[2018-01-22 11:45:54] [INFO] 初始化题目列表。。。
[2018-01-22 11:45:54] [INFO] 初始化用户Map。。。
[2018-01-22 11:45:54] [INFO] 初始化题目DTO列表。。。
[2018-01-22 11:46:14] [INFO] 初始化题目列表。。。
[2018-01-22 11:46:14] [INFO] 初始化用户Map。。。
[2018-01-22 11:46:14] [INFO] 初始化题目DTO列表。。。
[2018-01-22 11:48:21] [INFO] 初始化题目列表。。。
[2018-01-22 11:48:21] [INFO] 初始化用户Map。。。
[2018-01-22 11:48:21] [INFO] 初始化题目DTO列表。。。
[2018-01-22 11:49:22] [INFO] 初始化题目列表。。。
[2018-01-22 11:49:22] [INFO] 初始化用户Map。。。
[2018-01-22 11:49:22] [INFO] 初始化题目DTO列表。。。
[2018-01-22 11:56:31] [INFO] 初始化题目列表。。。
[2018-01-22 11:56:31] [INFO] 初始化用户Map。。。
[2018-01-22 11:56:31] [INFO] 初始化题目DTO列表。。。
[2018-01-22 12:18:47] [INFO] 初始化题目列表。。。
[2018-01-22 12:18:47] [INFO] 初始化用户Map。。。
[2018-01-22 12:18:47] [INFO] 初始化题目DTO列表。。。
[2018-01-22 12:21:30] [INFO] 初始化题目列表。。。
[2018-01-22 12:21:30] [INFO] 初始化用户Map。。。
[2018-01-22 12:21:30] [INFO] 初始化题目DTO列表。。。
[2018-01-22 12:22:29] [INFO] 初始化题目列表。。。
[2018-01-22 12:22:29] [INFO] 初始化用户Map。。。
[2018-01-22 12:22:29] [INFO] 初始化题目DTO列表。。。
[2018-01-22 12:23:05] [INFO] 初始化题目列表。。。
[2018-01-22 12:23:05] [INFO] 初始化用户Map。。。
[2018-01-22 12:23:05] [INFO] 初始化题目DTO列表。。。
[2018-01-22 12:24:33] [INFO] 初始化题目列表。。。
[2018-01-22 12:24:33] [INFO] 初始化用户Map。。。
[2018-01-22 12:24:33] [INFO] 初始化题目DTO列表。。。
[2018-01-22 12:24:49] [INFO] 初始化题目列表。。。
[2018-01-22 12:24:49] [INFO] 初始化用户Map。。。
[2018-01-22 12:24:49] [INFO] 初始化题目DTO列表。。。
[2018-01-22 12:35:46] [INFO] 初始化题目列表。。。
[2018-01-22 12:35:46] [INFO] 初始化用户Map。。。
[2018-01-22 12:35:46] [INFO] 初始化题目DTO列表。。。
[2018-01-22 12:36:28] [INFO] 初始化用户Map。。。
[2018-01-22 12:36:28] [INFO] 初始化题目列表。。。
[2018-01-22 12:36:28] [INFO] 初始化题目DTO列表。。。
[2018-01-22 12:43:54] [INFO] 初始化用户Map。。。
[2018-01-22 12:43:54] [INFO] 初始化题目列表。。。
[2018-01-22 12:43:54] [INFO] 初始化题目DTO列表。。。
[2018-01-22 12:46:40] [INFO] 初始化用户Map。。。
[2018-01-22 12:46:40] [INFO] 初始化题目列表。。。
[2018-01-22 12:46:40] [INFO] 初始化题目DTO列表。。。
[2018-01-22 12:46:49] [INFO] 初始化题目列表。。。
[2018-01-22 12:46:49] [INFO] 初始化题目DTO列表。。。
[2018-01-22 13:07:19] [INFO] 初始化用户Map。。。
[2018-01-22 13:07:19] [INFO] 初始化题目列表。。。
[2018-01-22 13:07:19] [INFO] 初始化题目DTO列表。。。
[2018-01-22 13:07:26] [INFO] 初始化用户Map。。。
[2018-01-22 13:07:26] [INFO] 初始化题目列表。。。
[2018-01-22 13:07:26] [INFO] 初始化题目DTO列表。。。
[2018-01-22 13:09:08] [INFO] 初始化用户Map。。。
[2018-01-22 13:09:08] [INFO] 初始化题目列表。。。
[2018-01-22 13:09:08] [INFO] 初始化题目DTO列表。。。
[2018-01-22 13:11:50] [INFO] 初始化用户Map。。。
[2018-01-22 13:11:50] [INFO] 初始化题目列表。。。
[2018-01-22 13:11:50] [INFO] 初始化题目DTO列表。。。
[2018-01-22 13:13:28] [INFO] 初始化用户Map。。。
[2018-01-22 13:13:28] [INFO] 初始化题目列表。。。
[2018-01-22 13:13:28] [INFO] 初始化题目DTO列表。。。
[2018-01-22 13:13:53] [INFO] 初始化用户Map。。。
[2018-01-22 13:13:53] [INFO] 初始化题目列表。。。
[2018-01-22 13:13:53] [INFO] 初始化题目DTO列表。。。
[2018-01-22 13:14:30] [INFO] 初始化用户Map。。。
[2018-01-22 13:14:30] [INFO] 初始化题目列表。。。
[2018-01-22 13:14:30] [INFO] 初始化题目DTO列表。。。
[2018-01-22 13:15:46] [INFO] 初始化用户Map。。。
[2018-01-22 13:15:46] [INFO] 初始化题目列表。。。
[2018-01-22 13:15:46] [INFO] 初始化题目DTO列表。。。
[2018-01-22 13:17:36] [INFO] 初始化用户Map。。。
[2018-01-22 13:17:36] [INFO] 初始化题目列表。。。
[2018-01-22 13:17:36] [INFO] 初始化题目DTO列表。。。
[2018-01-22 13:19:11] [INFO] 初始化题目列表。。。
[2018-01-22 13:19:11] [INFO] 初始化题目DTO列表。。。
[2018-01-22 13:20:56] [INFO] 初始化用户Map。。。
[2018-01-22 13:20:56] [INFO] 初始化题目列表。。。
[2018-01-22 13:20:56] [INFO] 初始化题目DTO列表。。。
[2018-01-22 13:33:36] [INFO] 初始化用户Map。。。
[2018-01-22 13:33:36] [INFO] 初始化题目列表。。。
[2018-01-22 13:33:36] [INFO] 初始化题目DTO列表。。。
[2018-01-22 13:33:46] [INFO] 初始化题目列表。。。
[2018-01-22 13:33:46] [INFO] 初始化题目DTO列表。。。
[2018-01-22 13:34:21] [INFO] 初始化题目列表。。。
[2018-01-22 13:34:21] [INFO] 初始化题目DTO列表。。。
[2018-01-22 13:38:58] [INFO] 初始化题目列表。。。
[2018-01-22 13:38:58] [INFO] 初始化题目DTO列表。。。
[2018-01-22 13:42:56] [INFO] 初始化题目列表。。。
[2018-01-22 13:42:56] [INFO] 初始化题目DTO列表。。。
[2018-01-22 13:43:35] [INFO] 初始化题目列表。。。
[2018-01-22 13:43:35] [INFO] 初始化题目DTO列表。。。
[2018-01-22 13:44:15] [INFO] 初始化题目列表。。。
[2018-01-22 13:44:15] [INFO] 初始化题目DTO列表。。。
[2018-01-22 13:44:31] [INFO] 初始化题目列表。。。
[2018-01-22 13:44:31] [INFO] 初始化题目DTO列表。。。
[2018-01-22 13:44:59] [INFO] 初始化题目列表。。。
[2018-01-22 13:44:59] [INFO] 初始化题目DTO列表。。。
[2018-01-22 13:47:01] [INFO] 初始化用户Map。。。
[2018-01-22 13:47:01] [INFO] 初始化题目列表。。。
[2018-01-22 13:47:01] [INFO] 初始化题目DTO列表。。。
[2018-01-22 13:47:04] [INFO] 初始化题目列表。。。
[2018-01-22 13:47:04] [INFO] 初始化题目DTO列表。。。
[2018-01-22 13:47:10] [INFO] 初始化题目列表。。。
[2018-01-22 13:47:10] [INFO] 初始化题目DTO列表。。。
[2018-01-22 13:47:52] [INFO] 初始化题目列表。。。
[2018-01-22 13:47:52] [INFO] 初始化题目DTO列表。。。
[2018-01-22 13:54:29] [INFO] 初始化用户Map。。。
[2018-01-22 13:54:29] [INFO] 初始化题目列表。。。
[2018-01-22 13:54:29] [INFO] 初始化题目DTO列表。。。
[2018-01-22 13:54:38] [INFO] 初始化题目列表。。。
[2018-01-22 13:54:38] [INFO] 初始化题目DTO列表。。。
[2018-01-22 13:55:49] [INFO] 初始化题目列表。。。
[2018-01-22 13:55:49] [INFO] 初始化题目DTO列表。。。
[2018-01-22 13:57:47] [INFO] 初始化题目列表。。。
[2018-01-22 13:57:47] [INFO] 初始化题目DTO列表。。。
[2018-01-22 13:58:43] [INFO] 初始化题目列表。。。
[2018-01-22 13:58:43] [INFO] 初始化题目DTO列表。。。
[2018-01-22 13:59:13] [INFO] 初始化题目列表。。。
[2018-01-22 13:59:13] [INFO] 初始化题目DTO列表。。。
[2018-01-22 13:59:41] [INFO] 初始化题目列表。。。
[2018-01-22 13:59:41] [INFO] 初始化题目DTO列表。。。
[2018-01-22 14:00:02] [INFO] 初始化题目列表。。。
[2018-01-22 14:00:02] [INFO] 初始化题目DTO列表。。。
[2018-01-22 14:00:20] [INFO] 初始化题目列表。。。
[2018-01-22 14:00:20] [INFO] 初始化题目DTO列表。。。
[2018-01-22 14:00:36] [INFO] 初始化题目列表。。。
[2018-01-22 14:00:36] [INFO] 初始化题目DTO列表。。。
[2018-01-22 14:00:45] [INFO] 初始化题目列表。。。
[2018-01-22 14:00:45] [INFO] 初始化题目DTO列表。。。
[2018-01-22 14:00:53] [INFO] 初始化题目列表。。。
[2018-01-22 14:00:53] [INFO] 初始化题目DTO列表。。。
[2018-01-22 14:01:02] [INFO] 初始化题目列表。。。
[2018-01-22 14:01:02] [INFO] 初始化题目DTO列表。。。
[2018-01-22 14:01:29] [INFO] 初始化题目列表。。。
[2018-01-22 14:01:29] [INFO] 初始化题目DTO列表。。。
[2018-01-22 14:05:19] [INFO] 初始化用户Map。。。
[2018-01-22 14:05:19] [INFO] 初始化题目列表。。。
[2018-01-22 14:05:19] [INFO] 初始化题目DTO列表。。。
[2018-01-22 14:24:58] [INFO] 初始化用户Map。。。
[2018-01-22 14:24:58] [INFO] 初始化题目列表。。。
[2018-01-22 14:24:58] [INFO] 初始化题目DTO列表。。。
[2018-01-22 14:25:31] [INFO] 初始化用户Map。。。
[2018-01-22 14:25:31] [INFO] 初始化题目列表。。。
[2018-01-22 14:25:31] [INFO] 初始化题目DTO列表。。。
[2018-01-22 14:25:44] [INFO] 初始化题目列表。。。
[2018-01-22 14:25:44] [INFO] 初始化题目DTO列表。。。
[2018-01-22 14:26:19] [INFO] 初始化用户Map。。。
[2018-01-22 14:26:19] [INFO] 初始化题目列表。。。
[2018-01-22 14:26:19] [INFO] 初始化题目DTO列表。。。
[2018-01-22 14:26:42] [INFO] 初始化题目列表。。。
[2018-01-22 14:26:42] [INFO] 初始化题目DTO列表。。。
[2018-01-22 14:27:10] [INFO] 初始化题目列表。。。
[2018-01-22 14:27:10] [INFO] 初始化题目DTO列表。。。
[2018-01-22 14:28:53] [INFO] 初始化用户Map。。。
[2018-01-22 14:28:53] [INFO] 初始化题目列表。。。
[2018-01-22 14:28:53] [INFO] 初始化题目DTO列表。。。
[2018-01-22 14:31:57] [INFO] 初始化用户Map。。。
[2018-01-22 14:31:57] [INFO] 初始化题目列表。。。
[2018-01-22 14:31:57] [INFO] 初始化题目DTO列表。。。
[2018-01-22 14:32:25] [INFO] 初始化用户Map。。。
[2018-01-22 14:32:25] [INFO] 初始化题目列表。。。
[2018-01-22 14:32:25] [INFO] 初始化题目DTO列表。。。
[2018-01-22 14:32:32] [INFO] 初始化题目列表。。。
[2018-01-22 14:32:32] [INFO] 初始化题目DTO列表。。。
[2018-01-22 14:32:40] [INFO] 初始化题目列表。。。
[2018-01-22 14:32:40] [INFO] 初始化题目DTO列表。。。
[2018-01-22 14:33:17] [INFO] 初始化题目列表。。。
[2018-01-22 14:33:17] [INFO] 初始化题目DTO列表。。。
[2018-01-22 14:37:32] [INFO] 初始化用户Map。。。
[2018-01-22 14:37:32] [INFO] 初始化题目列表。。。
[2018-01-22 14:37:32] [INFO] 初始化题目DTO列表。。。
[2018-01-22 14:38:08] [INFO] 初始化题目列表。。。
[2018-01-22 14:38:08] [INFO] 初始化题目DTO列表。。。
[2018-01-22 14:40:11] [INFO] 初始化题目列表。。。
[2018-01-22 14:40:11] [INFO] 初始化题目DTO列表。。。
[2018-01-22 14:40:15] [INFO] 初始化题目列表。。。
[2018-01-22 14:40:15] [INFO] 初始化题目DTO列表。。。
[2018-01-22 14:42:09] [INFO] 初始化用户Map。。。
[2018-01-22 14:42:09] [INFO] 初始化题目列表。。。
[2018-01-22 14:42:09] [INFO] 初始化题目DTO列表。。。
[2018-01-22 14:42:24] [INFO] 初始化题目列表。。。
[2018-01-22 14:42:24] [INFO] 初始化题目DTO列表。。。
[2018-01-22 14:42:33] [INFO] 初始化题目列表。。。
[2018-01-22 14:42:33] [INFO] 初始化题目DTO列表。。。
[2018-01-22 14:42:50] [INFO] 初始化题目列表。。。
[2018-01-22 14:42:50] [INFO] 初始化题目DTO列表。。。
[2018-01-22 14:44:04] [INFO] 初始化用户Map。。。
[2018-01-22 14:44:04] [INFO] 初始化题目列表。。。
[2018-01-22 14:44:04] [INFO] 初始化题目DTO列表。。。
[2018-01-22 14:46:54] [INFO] 初始化用户Map。。。
[2018-01-22 14:46:54] [INFO] 初始化题目列表。。。
[2018-01-22 14:46:54] [INFO] 初始化题目DTO列表。。。
[2018-01-22 14:47:00] [INFO] 初始化用户Map。。。
[2018-01-22 14:47:00] [INFO] 初始化题目列表。。。
[2018-01-22 14:47:00] [INFO] 初始化题目DTO列表。。。
[2018-01-22 14:47:05] [INFO] 初始化用户Map。。。
[2018-01-22 14:47:05] [INFO] 初始化题目列表。。。
[2018-01-22 14:47:05] [INFO] 初始化题目DTO列表。。。
[2018-01-22 14:48:57] [INFO] 初始化用户Map。。。
[2018-01-22 14:48:57] [INFO] 初始化题目列表。。。
[2018-01-22 14:48:57] [INFO] 初始化题目DTO列表。。。
[2018-01-22 14:50:33] [INFO] 初始化用户Map。。。
[2018-01-22 14:50:33] [INFO] 初始化题目列表。。。
[2018-01-22 14:50:33] [INFO] 初始化题目DTO列表。。。
[2018-01-22 14:52:50] [INFO] 初始化用户Map。。。
[2018-01-22 14:52:50] [INFO] 初始化题目列表。。。
[2018-01-22 14:52:50] [INFO] 初始化题目DTO列表。。。
[2018-01-22 14:55:57] [INFO] 初始化用户Map。。。
[2018-01-22 14:55:57] [INFO] 初始化题目列表。。。
[2018-01-22 14:55:57] [INFO] 初始化题目DTO列表。。。
[2018-01-22 15:19:16] [INFO] 初始化用户Map。。。
[2018-01-22 15:19:16] [INFO] 初始化题目列表。。。
[2018-01-22 15:19:16] [INFO] 初始化题目DTO列表。。。
[2018-01-22 15:19:49] [INFO] 初始化用户Map。。。
[2018-01-22 15:19:49] [INFO] 初始化题目列表。。。
[2018-01-22 15:19:49] [INFO] 初始化题目DTO列表。。。
[2018-01-22 15:30:30] [INFO] 初始化用户Map。。。
[2018-01-22 15:30:30] [INFO] 初始化题目列表。。。
[2018-01-22 15:30:30] [INFO] 初始化题目DTO列表。。。
[2018-01-22 15:31:24] [INFO] 初始化用户Map。。。
[2018-01-22 15:31:24] [INFO] 初始化题目列表。。。
[2018-01-22 15:31:24] [INFO] 初始化题目DTO列表。。。
[2018-01-22 15:32:05] [INFO] 初始化用户Map。。。
[2018-01-22 15:32:05] [INFO] 初始化题目列表。。。
[2018-01-22 15:32:05] [INFO] 初始化题目DTO列表。。。
[2018-01-22 15:32:53] [INFO] 初始化用户Map。。。
[2018-01-22 15:32:53] [INFO] 初始化题目列表。。。
[2018-01-22 15:32:53] [INFO] 初始化题目DTO列表。。。
[2018-01-22 15:33:05] [INFO] 初始化用户Map。。。
[2018-01-22 15:33:05] [INFO] 初始化题目列表。。。
[2018-01-22 15:33:05] [INFO] 初始化题目DTO列表。。。
[2018-01-22 15:34:02] [INFO] 初始化用户Map。。。
[2018-01-22 15:34:02] [INFO] 初始化题目列表。。。
[2018-01-22 15:34:02] [INFO] 初始化题目DTO列表。。。
[2018-01-22 15:35:34] [INFO] 初始化用户：1 开始
[2018-01-22 15:35:34] [INFO] 初始化用户：1 成功
[2018-01-22 16:13:47] [INFO] 初始化用户Map。。。
[2018-01-22 16:13:47] [INFO] 初始化题目列表。。。
[2018-01-22 16:13:47] [INFO] 初始化题目DTO列表。。。
[2018-01-22 16:15:04] [INFO] 初始化用户Map。。。
[2018-01-22 16:15:04] [INFO] 初始化题目列表。。。
[2018-01-22 16:15:04] [INFO] 初始化题目DTO列表。。。
[2018-01-22 16:15:41] [INFO] 初始化用户：1 开始
[2018-01-22 16:15:41] [INFO] 初始化用户：1 成功
[2018-01-22 16:20:21] [INFO] 初始化用户Map。。。
[2018-01-22 16:20:21] [INFO] 初始化题目列表。。。
[2018-01-22 16:20:21] [INFO] 初始化题目DTO列表。。。
[2018-01-22 16:20:27] [INFO] 初始化用户：1 开始
[2018-01-22 16:20:27] [INFO] 初始化用户：1 成功
[2018-01-22 16:21:35] [INFO] 初始化用户Map。。。
[2018-01-22 16:21:35] [INFO] 初始化题目列表。。。
[2018-01-22 16:21:35] [INFO] 初始化题目DTO列表。。。
[2018-01-22 16:22:36] [INFO] 初始化用户Map。。。
[2018-01-22 16:22:36] [INFO] 初始化题目列表。。。
[2018-01-22 16:22:36] [INFO] 初始化题目DTO列表。。。
[2018-01-22 16:49:57] [INFO] 初始化用户Map。。。
[2018-01-22 16:49:57] [INFO] 初始化题目列表。。。
[2018-01-22 16:49:57] [INFO] 初始化题目DTO列表。。。
[2018-01-22 16:50:12] [INFO] 初始化用户：1306123139@qq.com 开始
[2018-01-22 16:50:13] [INFO] 初始化用户：1306123139@qq.com 成功
[2018-01-22 16:53:06] [INFO] 初始化用户Map。。。
[2018-01-22 16:53:06] [INFO] 初始化题目列表。。。
[2018-01-22 16:53:06] [INFO] 初始化题目DTO列表。。。
[2018-01-22 16:53:14] [INFO] 初始化用户：1 开始
[2018-01-22 16:53:14] [INFO] 初始化用户：1 成功
[2018-01-22 16:54:37] [INFO] 初始化用户Map。。。
[2018-01-22 16:54:37] [INFO] 初始化题目列表。。。
[2018-01-22 16:54:37] [INFO] 初始化题目DTO列表。。。
[2018-01-22 16:54:42] [INFO] 初始化用户：1 开始
[2018-01-22 16:54:42] [INFO] 初始化用户：1 成功
[2018-01-22 16:56:11] [INFO] 初始化用户Map。。。
[2018-01-22 16:56:11] [INFO] 初始化题目列表。。。
[2018-01-22 16:56:11] [INFO] 初始化题目DTO列表。。。
[2018-01-22 16:56:18] [INFO] 初始化用户：1 开始
[2018-01-22 16:56:18] [INFO] 初始化用户：1 成功
[2018-01-22 16:57:07] [INFO] 初始化用户Map。。。
[2018-01-22 16:57:07] [INFO] 初始化题目列表。。。
[2018-01-22 16:57:07] [INFO] 初始化题目DTO列表。。。
[2018-01-22 16:57:27] [INFO] 初始化用户Map。。。
[2018-01-22 16:57:27] [INFO] 初始化题目列表。。。
[2018-01-22 16:57:27] [INFO] 初始化题目DTO列表。。。
[2018-01-22 16:57:31] [INFO] 初始化用户：q 开始
[2018-01-22 16:57:31] [INFO] 初始化用户：q 成功
[2018-01-22 17:01:39] [INFO] 初始化用户Map。。。
[2018-01-22 17:01:39] [INFO] 初始化题目列表。。。
[2018-01-22 17:01:39] [INFO] 初始化题目DTO列表。。。
[2018-01-22 17:01:47] [INFO] 初始化用户：1306123139@qq.com 开始
[2018-01-22 17:01:47] [INFO] 初始化用户：1306123139@qq.com 成功
[2018-01-22 17:13:12] [INFO] 初始化用户Map。。。
[2018-01-22 17:13:12] [INFO] 初始化题目列表。。。
[2018-01-22 17:13:12] [INFO] 初始化题目DTO列表。。。
[2018-01-22 17:13:26] [INFO] 初始化用户：1 开始
[2018-01-22 17:13:26] [INFO] 初始化用户：1 成功
[2018-01-22 17:29:56] [INFO] 初始化用户Map。。。
[2018-01-22 17:29:56] [INFO] 初始化题目列表。。。
[2018-01-22 17:29:56] [INFO] 初始化题目DTO列表。。。
[2018-01-22 17:32:10] [INFO] 初始化用户Map。。。
[2018-01-22 17:32:10] [INFO] 初始化题目列表。。。
[2018-01-22 17:32:10] [INFO] 初始化题目DTO列表。。。
[2018-01-22 17:33:29] [INFO] 初始化用户Map。。。
[2018-01-22 17:33:29] [INFO] 初始化题目列表。。。
[2018-01-22 17:33:29] [INFO] 初始化题目DTO列表。。。
[2018-01-22 17:33:42] [INFO] 初始化用户Map。。。
[2018-01-22 17:33:42] [INFO] 初始化题目列表。。。
[2018-01-22 17:33:42] [INFO] 初始化题目DTO列表。。。
[2018-01-22 17:40:39] [INFO] 初始化用户Map。。。
[2018-01-22 17:40:39] [INFO] 初始化题目列表。。。
[2018-01-22 17:40:39] [INFO] 初始化题目DTO列表。。。
[2018-01-22 17:41:05] [INFO] 初始化用户：1 开始
[2018-01-22 17:41:05] [INFO] 初始化用户：1 成功
[2018-01-22 17:43:54] [INFO] 初始化用户Map。。。
[2018-01-22 17:43:54] [INFO] 初始化题目列表。。。
[2018-01-22 17:43:54] [INFO] 初始化题目DTO列表。。。
[2018-01-22 17:44:24] [INFO] 初始化用户：1306123139@qq.com 开始
[2018-01-22 17:44:24] [INFO] 初始化用户：1306123139@qq.com 成功
[2018-01-22 17:46:31] [INFO] 初始化用户Map。。。
[2018-01-22 17:46:31] [INFO] 初始化题目列表。。。
[2018-01-22 17:46:31] [INFO] 初始化题目DTO列表。。。
[2018-01-22 17:47:21] [INFO] 初始化用户Map。。。
[2018-01-22 17:47:21] [INFO] 初始化题目列表。。。
[2018-01-22 17:47:21] [INFO] 初始化题目DTO列表。。。
[2018-01-22 17:47:47] [INFO] 初始化用户：1 开始
[2018-01-22 17:47:47] [INFO] 初始化用户：1 成功
[2018-01-22 17:49:11] [INFO] 初始化用户Map。。。
[2018-01-22 17:49:11] [INFO] 初始化题目列表。。。
[2018-01-22 17:49:11] [INFO] 初始化题目DTO列表。。。
[2018-01-22 17:49:39] [INFO] 初始化用户：1 开始
[2018-01-22 17:49:39] [INFO] 初始化用户：1 成功
[2018-01-22 18:04:57] [INFO] 初始化用户Map。。。
[2018-01-22 18:04:57] [INFO] 初始化题目列表。。。
[2018-01-22 18:04:57] [INFO] 初始化题目DTO列表。。。
[2018-01-22 18:47:20] [INFO] 初始化用户Map。。。
[2018-01-22 18:47:20] [INFO] 初始化题目列表。。。
[2018-01-22 18:47:20] [INFO] 初始化题目DTO列表。。。
[2018-01-22 18:51:52] [INFO] 初始化用户Map。。。
[2018-01-22 18:51:52] [INFO] 初始化题目列表。。。
[2018-01-22 18:51:52] [INFO] 初始化题目DTO列表。。。
[2018-01-22 18:54:26] [INFO] 初始化题目列表。。。
[2018-01-22 18:54:26] [INFO] 初始化题目DTO列表。。。
[2018-01-22 19:00:59] [INFO] 初始化用户Map。。。
[2018-01-22 19:00:59] [INFO] 初始化题目列表。。。
[2018-01-22 19:00:59] [INFO] 初始化题目DTO列表。。。
[2018-01-23 11:27:33] [INFO] 初始化用户Map。。。
[2018-01-23 11:27:33] [INFO] 初始化题目列表。。。
[2018-01-23 11:27:33] [INFO] 初始化题目DTO列表。。。
[2018-01-23 11:30:03] [INFO] 初始化用户Map。。。
[2018-01-23 11:30:03] [INFO] 初始化题目列表。。。
[2018-01-23 11:30:03] [INFO] 初始化题目DTO列表。。。
[2018-01-23 11:31:44] [INFO] 初始化用户Map。。。
[2018-01-23 11:31:44] [INFO] 初始化题目列表。。。
[2018-01-23 11:31:44] [INFO] 初始化题目DTO列表。。。
[2018-01-23 11:32:39] [INFO] 初始化用户Map。。。
[2018-01-23 11:32:39] [INFO] 初始化题目列表。。。
[2018-01-23 11:32:39] [INFO] 初始化题目DTO列表。。。
[2018-01-23 11:33:26] [INFO] 初始化用户Map。。。
[2018-01-23 11:33:26] [INFO] 初始化题目列表。。。
[2018-01-23 11:33:26] [INFO] 初始化题目DTO列表。。。
[2018-01-23 11:33:35] [INFO] 初始化用户Map。。。
[2018-01-23 11:33:35] [INFO] 初始化题目列表。。。
[2018-01-23 11:33:35] [INFO] 初始化题目DTO列表。。。
[2018-01-23 11:35:33] [INFO] 初始化用户Map。。。
[2018-01-23 11:35:33] [INFO] 初始化题目列表。。。
[2018-01-23 11:35:33] [INFO] 初始化题目DTO列表。。。
[2018-01-23 11:37:15] [INFO] 初始化用户Map。。。
[2018-01-23 11:37:15] [INFO] 初始化题目列表。。。
[2018-01-23 11:37:15] [INFO] 初始化题目DTO列表。。。
